<?xml version="1.0" encoding="UTF-8"?>
<!-- Generated by org.testng.reporters.JUnitReportReporter -->
<testsuite skipped="0" hostname="YADHA02-BV74JC2" name="testngselenium.testngselenium.CustomerTest" tests="1" failures="0" timestamp="08 Jan 2020 05:58:15 GMT" time="0.008" errors="0">
  <testcase name="create" time="0.008" classname="testngselenium.testngselenium.CustomerTest"/>
</testsuite> <!-- testngselenium.testngselenium.CustomerTest -->
