<?xml version="1.0" encoding="UTF-8"?>
<!-- Generated by org.testng.reporters.JUnitReportReporter -->
<testsuite skipped="1" hostname="YADHA02-BV74JC2" name="testng.Customer" tests="3" failures="0" timestamp="05 Feb 2020 15:14:31 GMT" time="0.008" errors="0">
  <testcase name="create" time="0.007" classname="testng.Customer"/>
  <testcase name="delete" time="0.001" classname="testng.Customer"/>
  <testcase name="edit" classname="testng.Customer">
    <skipped/>
  </testcase> <!-- edit -->
</testsuite> <!-- testng.Customer -->
